1487836030046	geckodriver	INFO	Listening on 127.0.0.1:57498
1487836031087	mozprofile::profile	INFO	Using profile path /var/folders/sp/shscrwgn2hl14h6759xpnw0h0000gn/T/rust_mozprofile.zKz5Ava491co
1487836031088	geckodriver::marionette	INFO	Starting browser /Applications/Firefox.app/Contents/MacOS/firefox-bin
1487836031098	geckodriver::marionette	INFO	Connecting to Marionette on localhost:57507
[warn] kq_init: detected broken kqueue; not using.: Undefined error: 0
1487836031547	Marionette	INFO	Listening on port 57507
JavaScript error: https://leetcode.com/static/angular/angular.min.js, line 6: Error: [$injector:modulerr] http://errors.angularjs.org/1.2.19/$injector/modulerr?p0=app&p1=%5B%24injector%3Anomod%5D%20http%3A%2F%2Ferrors.angularjs.org%2F1.2.19%2F%24injector%2Fnomod%3Fp0%3Dapp%0Av%2F%3C%40https%3A%2F%2Fleetcode.com%2Fstatic%2Fangular%2Fangular.min.js%3A6%3A450%0AZc%2Fb.module%3C%2F%3C%2Fb%5Be%5D%3C%40https%3A%2F%2Fleetcode.com%2Fstatic%2Fangular%2Fangular.min.js%3A20%3A466%0AZc%2Fb.module%3C%2F%3C%40https%3A%2F%2Fleetcode.com%2Fstatic%2Fangular%2Fangular.min.js%3A20%3A367%0Ae%2F%3C%40https%3A%2F%2Fleetcode.com%2Fstatic%2Fangular%2Fangular.min.js%3A33%3A267%0Aq%40https%3A%2F%2Fleetcode.com%2Fstatic%2Fangular%2Fangular.min.js%3A7%3A278%0Ae%40https%3A%2F%2Fleetcode.com%2Fstatic%2Fangular%2Fangular.min.js%3A33%3A207%0Adc%40https%3A%2F%2Fleetcode.com%2Fstatic%2Fangular%2Fangular.min.js%3A36%3A309%0Acc%2Fc%40https%3A%2F%2Fleetcode.com%2Fstatic%2Fangular%2Fangular.min.js%3A18%3A139%0Acc%40https%3A%2F%2Fleetcode.com%2Fstatic%2Fangular%2Fangular.min.js%3A18%3A356%0AXc%40https%3A%2F%2Fleetcode.com%2Fstatic%2Fangular%2Fangular.min.js%3A17%3A435%0A%40https%3A%2F%2Fleetcode.com%2Fstatic%2Fangular%2Fangular.min.js%3A212%3A513%0Am.Callbacks%2Fj%40https%3A%2F%2Fleetcode.com%2Fstatic%2Fjquery%2Fdist%2Fjquery.min.js%3A2%3A27239%0Am.Callbacks%2Fk.fireWith%40https%3A%2F%2Fleetcode.com%2Fstatic%2Fjquery%2Fdist%2Fjquery.min.js%3A2%3A28057%0A.ready%40https%3A%2F%2Fleetcode.com%2Fstatic%2Fjquery%2Fdist%2Fjquery.min.js%3A2%3A29889%0AJ%40https%3A%2F%2Fleetcode.com%2Fstatic%2Fjquery%2Fdist%2Fjquery.min.js%3A2%3A30255%0A
1487836073291	geckodriver	INFO	Listening on 127.0.0.1:57561
1487836074328	mozprofile::profile	INFO	Using profile path /var/folders/sp/shscrwgn2hl14h6759xpnw0h0000gn/T/rust_mozprofile.7hv0aNJQzczp
1487836074329	geckodriver::marionette	INFO	Starting browser /Applications/Firefox.app/Contents/MacOS/firefox-bin
1487836074332	geckodriver::marionette	INFO	Connecting to Marionette on localhost:57570
[warn] kq_init: detected broken kqueue; not using.: Undefined error: 0
1487836074757	Marionette	INFO	Listening on port 57570
JavaScript warning: https://leetcode.com/static/webpack_bundles/react-vendor.c0282a8f.js, line 5: mutating the [[Prototype]] of an object will cause your code to run very slowly; instead create the object with the correct initial [[Prototype]] value using Object.create
JavaScript warning: resource://gre/modules/commonjs/toolkit/loader.js -> resource://gre/modules/commonjs/sdk/system/environment.js, line 15: Proxy.create and Proxy.createFunction are deprecated, use new Proxy instead
console.warn: Asynchronous operation was aborted as selection changed.
1487836212810	addons.productaddons	WARN	Failed downloading via XHR, status: 0, reason: error
1487836357571	geckodriver	INFO	Listening on 127.0.0.1:57740
1487836358610	mozprofile::profile	INFO	Using profile path /var/folders/sp/shscrwgn2hl14h6759xpnw0h0000gn/T/rust_mozprofile.nWMgFzSZiQls
1487836358610	geckodriver::marionette	INFO	Starting browser /Applications/Firefox.app/Contents/MacOS/firefox-bin
1487836358612	geckodriver::marionette	INFO	Connecting to Marionette on localhost:57749
[warn] kq_init: detected broken kqueue; not using.: Undefined error: 0
1487836359025	Marionette	INFO	Listening on port 57749
JavaScript warning: https://leetcode.com/static/webpack_bundles/react-vendor.c0282a8f.js, line 5: mutating the [[Prototype]] of an object will cause your code to run very slowly; instead create the object with the correct initial [[Prototype]] value using Object.create
1487836449750	addons.productaddons	WARN	Failed downloading via XHR, status: 0, reason: error
Handler function threw an exception: TypeError: threadActor is null
Stack: TabActor.prototype._windowReady@resource://gre/modules/commonjs/toolkit/loader.js -> resource://devtools/server/actors/webbrowser.js:1734:1
TabActor.prototype._changeTopLevelDocument/<@resource://gre/modules/commonjs/toolkit/loader.js -> resource://devtools/server/actors/webbrowser.js:1671:7
exports.makeInfallible/<@resource://gre/modules/commonjs/toolkit/loader.js -> resource://devtools/shared/ThreadSafeDevToolsUtils.js:101:14
Line: 1734, column: 1
console.error: 
  Handler function threw an exception: TypeError: threadActor is null
Stack: TabActor.prototype._windowReady@resource://gre/modules/commonjs/toolkit/loader.js -> resource://devtools/server/actors/webbrowser.js:1734:1
TabActor.prototype._changeTopLevelDocument/<@resource://gre/modules/commonjs/toolkit/loader.js -> resource://devtools/server/actors/webbrowser.js:1671:7
exports.makeInfallible/<@resource://gre/modules/commonjs/toolkit/loader.js -> resource://devtools/shared/ThreadSafeDevToolsUtils.js:101:14
Line: 1734, column: 1
1487836460499	geckodriver	INFO	Listening on 127.0.0.1:57852
1487836461539	mozprofile::profile	INFO	Using profile path /var/folders/sp/shscrwgn2hl14h6759xpnw0h0000gn/T/rust_mozprofile.aFDxXrjy6Mu0
1487836461539	geckodriver::marionette	INFO	Starting browser /Applications/Firefox.app/Contents/MacOS/firefox-bin
1487836461544	geckodriver::marionette	INFO	Connecting to Marionette on localhost:57861
[warn] kq_init: detected broken kqueue; not using.: Undefined error: 0
1487836461986	Marionette	INFO	Listening on port 57861
JavaScript warning: https://leetcode.com/static/webpack_bundles/react-vendor.c0282a8f.js, line 5: mutating the [[Prototype]] of an object will cause your code to run very slowly; instead create the object with the correct initial [[Prototype]] value using Object.create
1487836601225	addons.productaddons	WARN	Failed downloading via XHR, status: 0, reason: error
2017-02-23 16:09:03.047 firefox-bin[11710:288796] WARNING: nextEventMatchingMask should only be called from the Main Thread! This will throw an exception in the future.
ERROR: Error verifying signature.
ERROR: Error verifying signature.
1487837529944	geckodriver	INFO	Listening on 127.0.0.1:58683
1487837530975	mozprofile::profile	INFO	Using profile path /var/folders/sp/shscrwgn2hl14h6759xpnw0h0000gn/T/rust_mozprofile.FF7ydI2YPAYY
1487837530976	geckodriver::marionette	INFO	Starting browser /Applications/Firefox.app/Contents/MacOS/firefox-bin
1487837530990	geckodriver::marionette	INFO	Connecting to Marionette on localhost:58692
1487837531457	Marionette	INFO	Listening on port 58692
1487837610524	geckodriver	INFO	Listening on 127.0.0.1:58766
1487837611557	mozprofile::profile	INFO	Using profile path /var/folders/sp/shscrwgn2hl14h6759xpnw0h0000gn/T/rust_mozprofile.8b2Am5GgdyLE
1487837611557	geckodriver::marionette	INFO	Starting browser /Applications/Firefox.app/Contents/MacOS/firefox-bin
1487837611559	geckodriver::marionette	INFO	Connecting to Marionette on localhost:58775
1487837612017	Marionette	INFO	Listening on port 58775
1487837689913	geckodriver	INFO	Listening on 127.0.0.1:58863
1487837690952	mozprofile::profile	INFO	Using profile path /var/folders/sp/shscrwgn2hl14h6759xpnw0h0000gn/T/rust_mozprofile.QSRewNMvI9xR
1487837690953	geckodriver::marionette	INFO	Starting browser /Applications/Firefox.app/Contents/MacOS/firefox-bin
1487837690955	geckodriver::marionette	INFO	Connecting to Marionette on localhost:58872
1487837691415	Marionette	INFO	Listening on port 58872
1487838068543	geckodriver	INFO	Listening on 127.0.0.1:59259
1487838069584	mozprofile::profile	INFO	Using profile path /var/folders/sp/shscrwgn2hl14h6759xpnw0h0000gn/T/rust_mozprofile.OWaURyiqebnq
1487838069585	geckodriver::marionette	INFO	Starting browser /Applications/Firefox.app/Contents/MacOS/firefox-bin
1487838069586	geckodriver::marionette	INFO	Connecting to Marionette on localhost:59268
1487838070064	Marionette	INFO	Listening on port 59268
1487838748393	geckodriver	INFO	Listening on 127.0.0.1:60002
1487838749439	mozprofile::profile	INFO	Using profile path /var/folders/sp/shscrwgn2hl14h6759xpnw0h0000gn/T/rust_mozprofile.ZVPa1oVfRRdX
1487838749440	geckodriver::marionette	INFO	Starting browser /Applications/Firefox.app/Contents/MacOS/firefox-bin
1487838749442	geckodriver::marionette	INFO	Connecting to Marionette on localhost:60012
1487838749972	Marionette	INFO	Listening on port 60012
1487838816981	geckodriver	INFO	Listening on 127.0.0.1:60050
1487838818017	mozprofile::profile	INFO	Using profile path /var/folders/sp/shscrwgn2hl14h6759xpnw0h0000gn/T/rust_mozprofile.IlfkFzhCxE1w
1487838818018	geckodriver::marionette	INFO	Starting browser /Applications/Firefox.app/Contents/MacOS/firefox-bin
1487838818022	geckodriver::marionette	INFO	Connecting to Marionette on localhost:60059
1487838818487	Marionette	INFO	Listening on port 60059
1487838883987	geckodriver	INFO	Listening on 127.0.0.1:60127
1487838885020	mozprofile::profile	INFO	Using profile path /var/folders/sp/shscrwgn2hl14h6759xpnw0h0000gn/T/rust_mozprofile.PpJdfW7F8F35
1487838885021	geckodriver::marionette	INFO	Starting browser /Applications/Firefox.app/Contents/MacOS/firefox-bin
1487838885025	geckodriver::marionette	INFO	Connecting to Marionette on localhost:60136
1487838885483	Marionette	INFO	Listening on port 60136
*************************
A coding exception was thrown and uncaught in a Task.

Full message: TypeError: NetworkError when attempting to fetch resource.
Full stack: 
*************************
[Child 13073] ###!!! ABORT: Aborting on channel error.: file /builds/slave/m-rel-m64-00000000000000000000/build/src/ipc/glue/MessageChannel.cpp, line 2056
[Child 13073] ###!!! ABORT: Aborting on channel error.: file /builds/slave/m-rel-m64-00000000000000000000/build/src/ipc/glue/MessageChannel.cpp, line 2056
1487840445343	geckodriver	INFO	Listening on 127.0.0.1:60778
1487840446376	mozprofile::profile	INFO	Using profile path /var/folders/sp/shscrwgn2hl14h6759xpnw0h0000gn/T/rust_mozprofile.l0dBNTlCKF96
1487840446377	geckodriver::marionette	INFO	Starting browser /Applications/Firefox.app/Contents/MacOS/firefox-bin
1487840446381	geckodriver::marionette	INFO	Connecting to Marionette on localhost:60787
1487840446849	Marionette	INFO	Listening on port 60787
1487840701284	geckodriver	INFO	Listening on 127.0.0.1:60881
1487840702319	mozprofile::profile	INFO	Using profile path /var/folders/sp/shscrwgn2hl14h6759xpnw0h0000gn/T/rust_mozprofile.lm3eAxXiXpZv
1487840702320	geckodriver::marionette	INFO	Starting browser /Applications/Firefox.app/Contents/MacOS/firefox-bin
1487840702326	geckodriver::marionette	INFO	Connecting to Marionette on localhost:60890
1487840702800	Marionette	INFO	Listening on port 60890
1488262472035	geckodriver	INFO	Listening on 127.0.0.1:54297
1488262473064	mozprofile::profile	INFO	Using profile path /var/folders/sp/shscrwgn2hl14h6759xpnw0h0000gn/T/rust_mozprofile.qgRUR3c1gxwn
1488262473065	geckodriver::marionette	INFO	Starting browser /Applications/Firefox.app/Contents/MacOS/firefox-bin
1488262473076	geckodriver::marionette	INFO	Connecting to Marionette on localhost:54306
1488262473692	Marionette	INFO	Listening on port 54306
1488273240936	geckodriver	INFO	Listening on 127.0.0.1:58258
1488273241987	mozprofile::profile	INFO	Using profile path /var/folders/sp/shscrwgn2hl14h6759xpnw0h0000gn/T/rust_mozprofile.dvPLfUjk8Lcb
1488273241988	geckodriver::marionette	INFO	Starting browser /Applications/Firefox.app/Contents/MacOS/firefox-bin
1488273241991	geckodriver::marionette	INFO	Connecting to Marionette on localhost:58267
1488273242585	Marionette	INFO	Listening on port 58267
1488273574693	geckodriver	INFO	Listening on 127.0.0.1:58520
1488273575728	mozprofile::profile	INFO	Using profile path /var/folders/sp/shscrwgn2hl14h6759xpnw0h0000gn/T/rust_mozprofile.qnHF77FaKip4
1488273575729	geckodriver::marionette	INFO	Starting browser /Applications/Firefox.app/Contents/MacOS/firefox-bin
1488273575735	geckodriver::marionette	INFO	Connecting to Marionette on localhost:58529
1488273576191	Marionette	INFO	Listening on port 58529
*************************
A coding exception was thrown and uncaught in a Task.

Full message: TypeError: NetworkError when attempting to fetch resource.
Full stack: 
*************************
1488288008030	geckodriver	INFO	Listening on 127.0.0.1:53285
1488288009064	mozprofile::profile	INFO	Using profile path /var/folders/sp/shscrwgn2hl14h6759xpnw0h0000gn/T/rust_mozprofile.bGSdSkH5sIXW
1488288009065	geckodriver::marionette	INFO	Starting browser /Applications/Firefox.app/Contents/MacOS/firefox-bin
1488288009076	geckodriver::marionette	INFO	Connecting to Marionette on localhost:53294
1488288009660	Marionette	INFO	Listening on port 53294
1488288048546	geckodriver	INFO	Listening on 127.0.0.1:53328
1488288049584	mozprofile::profile	INFO	Using profile path /var/folders/sp/shscrwgn2hl14h6759xpnw0h0000gn/T/rust_mozprofile.rmTKWTlAye1e
1488288049585	geckodriver::marionette	INFO	Starting browser /Applications/Firefox.app/Contents/MacOS/firefox-bin
1488288049589	geckodriver::marionette	INFO	Connecting to Marionette on localhost:53337
1488288050071	Marionette	INFO	Listening on port 53337
1488288249248	geckodriver	INFO	Listening on 127.0.0.1:53645
1488288250285	mozprofile::profile	INFO	Using profile path /var/folders/sp/shscrwgn2hl14h6759xpnw0h0000gn/T/rust_mozprofile.I9ULA36n0czM
1488288250286	geckodriver::marionette	INFO	Starting browser /Applications/Firefox.app/Contents/MacOS/firefox-bin
1488288250288	geckodriver::marionette	INFO	Connecting to Marionette on localhost:53654
1488288250768	Marionette	INFO	Listening on port 53654
1488288652092	geckodriver	INFO	Listening on 127.0.0.1:54027
1488288653134	mozprofile::profile	INFO	Using profile path /var/folders/sp/shscrwgn2hl14h6759xpnw0h0000gn/T/rust_mozprofile.RGmH8LnImNsm
1488288653135	geckodriver::marionette	INFO	Starting browser /Applications/Firefox.app/Contents/MacOS/firefox-bin
1488288653138	geckodriver::marionette	INFO	Connecting to Marionette on localhost:54036
1488288653672	Marionette	INFO	Listening on port 54036
*************************
A coding exception was thrown and uncaught in a Task.

Full message: TypeError: NetworkError when attempting to fetch resource.
Full stack: 
*************************
1488290392548	geckodriver	INFO	Listening on 127.0.0.1:55609
1488290393586	mozprofile::profile	INFO	Using profile path /var/folders/sp/shscrwgn2hl14h6759xpnw0h0000gn/T/rust_mozprofile.lEEu85lVmL5C
1488290393587	geckodriver::marionette	INFO	Starting browser /Applications/Firefox.app/Contents/MacOS/firefox-bin
1488290393591	geckodriver::marionette	INFO	Connecting to Marionette on localhost:55618
1488290394102	Marionette	INFO	Listening on port 55618
JavaScript error: https://leetcode.com/static/angular/angular.min.js, line 6: Error: [$injector:modulerr] http://errors.angularjs.org/1.2.19/$injector/modulerr?p0=app&p1=%5B%24injector%3Anomod%5D%20http%3A%2F%2Ferrors.angularjs.org%2F1.2.19%2F%24injector%2Fnomod%3Fp0%3Dapp%0Av%2F%3C%40https%3A%2F%2Fleetcode.com%2Fstatic%2Fangular%2Fangular.min.js%3A6%3A450%0AZc%2Fb.module%3C%2F%3C%2Fb%5Be%5D%3C%40https%3A%2F%2Fleetcode.com%2Fstatic%2Fangular%2Fangular.min.js%3A20%3A466%0AZc%2Fb.module%3C%2F%3C%40https%3A%2F%2Fleetcode.com%2Fstatic%2Fangular%2Fangular.min.js%3A20%3A367%0Ae%2F%3C%40https%3A%2F%2Fleetcode.com%2Fstatic%2Fangular%2Fangular.min.js%3A33%3A267%0Aq%40https%3A%2F%2Fleetcode.com%2Fstatic%2Fangular%2Fangular.min.js%3A7%3A278%0Ae%40https%3A%2F%2Fleetcode.com%2Fstatic%2Fangular%2Fangular.min.js%3A33%3A207%0Adc%40https%3A%2F%2Fleetcode.com%2Fstatic%2Fangular%2Fangular.min.js%3A36%3A309%0Acc%2Fc%40https%3A%2F%2Fleetcode.com%2Fstatic%2Fangular%2Fangular.min.js%3A18%3A139%0Acc%40https%3A%2F%2Fleetcode.com%2Fstatic%2Fangular%2Fangular.min.js%3A18%3A356%0AXc%40https%3A%2F%2Fleetcode.com%2Fstatic%2Fangular%2Fangular.min.js%3A17%3A435%0A%40https%3A%2F%2Fleetcode.com%2Fstatic%2Fangular%2Fangular.min.js%3A212%3A513%0Am.Callbacks%2Fj%40https%3A%2F%2Fleetcode.com%2Fstatic%2Fjquery%2Fdist%2Fjquery.min.js%3A2%3A27239%0Am.Callbacks%2Fk.fireWith%40https%3A%2F%2Fleetcode.com%2Fstatic%2Fjquery%2Fdist%2Fjquery.min.js%3A2%3A28057%0A.ready%40https%3A%2F%2Fleetcode.com%2Fstatic%2Fjquery%2Fdist%2Fjquery.min.js%3A2%3A29889%0AJ%40https%3A%2F%2Fleetcode.com%2Fstatic%2Fjquery%2Fdist%2Fjquery.min.js%3A2%3A30255%0A

###!!! [Child][MessageChannel] Error: (msgtype=0x500001,name=PCrashReporter::Msg_AnnotateCrashReport) Channel error: cannot send/recv

Crash Annotation GraphicsCriticalError: |[C0][GFX1-]: Receive IPC close with reason=AbnormalShutdown (t=19.7899) 
###!!! [Child][MessageChannel] Error: (msgtype=0x4A00EA,name=PContent::Msg_GraphicsError) Channel error: cannot send/recv

[GFX1-]: Receive IPC close with reason=AbnormalShutdown
1488329642660	geckodriver	INFO	Listening on 127.0.0.1:51248
1488329643693	mozprofile::profile	INFO	Using profile path /var/folders/sp/shscrwgn2hl14h6759xpnw0h0000gn/T/rust_mozprofile.U14vlmjmLxrJ
1488329643694	geckodriver::marionette	INFO	Starting browser /Applications/Firefox.app/Contents/MacOS/firefox-bin
1488329643705	geckodriver::marionette	INFO	Connecting to Marionette on localhost:51257
1488329644279	Marionette	INFO	Listening on port 51257
*************************
A coding exception was thrown and uncaught in a Task.

Full message: TypeError: NetworkError when attempting to fetch resource.
Full stack: 
*************************
